2024-07-28 20:29:28,471 INFO o.a.j.u.JMeterUtils: Setting Locale to en_EN
2024-07-28 20:29:28,498 INFO o.a.j.JMeter: Loading user properties from: user.properties
2024-07-28 20:29:28,498 INFO o.a.j.JMeter: Loading system properties from: system.properties
2024-07-28 20:29:28,517 INFO o.a.j.JMeter: Copyright (c) 1998-2024 The Apache Software Foundation
2024-07-28 20:29:28,518 INFO o.a.j.JMeter: Version 5.6.3
2024-07-28 20:29:28,518 INFO o.a.j.JMeter: java.version=21.0.3
2024-07-28 20:29:28,518 INFO o.a.j.JMeter: java.vm.name=Java HotSpot(TM) 64-Bit Server VM
2024-07-28 20:29:28,518 INFO o.a.j.JMeter: os.name=Windows 11
2024-07-28 20:29:28,518 INFO o.a.j.JMeter: os.arch=amd64
2024-07-28 20:29:28,518 INFO o.a.j.JMeter: os.version=10.0
2024-07-28 20:29:28,519 INFO o.a.j.JMeter: file.encoding=UTF-8
2024-07-28 20:29:28,519 INFO o.a.j.JMeter: java.awt.headless=true
2024-07-28 20:29:28,519 INFO o.a.j.JMeter: Max memory     =1073741824
2024-07-28 20:29:28,519 INFO o.a.j.JMeter: Available Processors =8
2024-07-28 20:29:28,527 INFO o.a.j.JMeter: Default Locale=English (EN)
2024-07-28 20:29:28,528 INFO o.a.j.JMeter: JMeter  Locale=English (EN)
2024-07-28 20:29:28,528 INFO o.a.j.JMeter: JMeterHome=C:\Users\amitd\OneDrive\Desktop\apache-jmeter-5.6.3\apache-jmeter-5.6.3
2024-07-28 20:29:28,528 INFO o.a.j.JMeter: user.dir  =C:\Users\amitd\OneDrive\Desktop\apache-jmeter-5.6.3\apache-jmeter-5.6.3\bin
2024-07-28 20:29:28,528 INFO o.a.j.JMeter: PWD       =C:\Users\amitd\OneDrive\Desktop\apache-jmeter-5.6.3\apache-jmeter-5.6.3\bin
2024-07-28 20:29:28,530 INFO o.a.j.JMeter: IP: 192.168.60.78 Name: AmithDas FullName: AmithDas
2024-07-28 20:29:28,542 INFO o.a.j.s.FileServer: Default base='C:\Users\amitd\OneDrive\Desktop\apache-jmeter-5.6.3\apache-jmeter-5.6.3\bin'
2024-07-28 20:29:28,543 INFO o.a.j.s.FileServer: Set new base='C:\Users\amitd\OneDrive\Desktop\apache-jmeter-5.6.3\apache-jmeter-5.6.3\bin'
2024-07-28 20:29:28,715 INFO o.a.j.s.SaveService: Testplan (JMX) version: 2.2. Testlog (JTL) version: 2.2
2024-07-28 20:29:28,749 INFO o.a.j.s.SaveService: Using SaveService properties version 5.0
2024-07-28 20:29:28,749 INFO o.a.j.s.SaveService: Using SaveService properties file encoding UTF-8
2024-07-28 20:29:28,749 INFO o.a.j.s.SaveService: Loading file: if28july.jmx
2024-07-28 20:29:28,785 INFO o.a.j.p.h.c.CookieManager: Settings: Delete null: true Check: true Allow variable: true Save: false Prefix: COOKIE_
2024-07-28 20:29:28,788 INFO o.a.j.p.h.c.CacheManager: Will only cache the following methods: [GET]
2024-07-28 20:29:28,826 INFO o.a.j.p.h.s.HTTPSamplerBase: Parser for text/html is org.apache.jmeter.protocol.http.parser.LagartoBasedHtmlParser
2024-07-28 20:29:28,826 INFO o.a.j.p.h.s.HTTPSamplerBase: Parser for application/xhtml+xml is org.apache.jmeter.protocol.http.parser.LagartoBasedHtmlParser
2024-07-28 20:29:28,826 INFO o.a.j.p.h.s.HTTPSamplerBase: Parser for application/xml is org.apache.jmeter.protocol.http.parser.LagartoBasedHtmlParser
2024-07-28 20:29:28,826 INFO o.a.j.p.h.s.HTTPSamplerBase: Parser for text/xml is org.apache.jmeter.protocol.http.parser.LagartoBasedHtmlParser
2024-07-28 20:29:28,826 INFO o.a.j.p.h.s.HTTPSamplerBase: Parser for text/vnd.wap.wml is org.apache.jmeter.protocol.http.parser.RegexpHTMLParser
2024-07-28 20:29:28,826 INFO o.a.j.p.h.s.HTTPSamplerBase: Parser for text/css is org.apache.jmeter.protocol.http.parser.CssParser
2024-07-28 20:29:28,918 INFO o.a.j.JMeter: Creating summariser <summary>
2024-07-28 20:29:28,933 INFO o.a.j.e.StandardJMeterEngine: Running the test!
2024-07-28 20:29:28,935 INFO o.a.j.s.SampleEvent: List of sample_variables: []
2024-07-28 20:29:28,935 INFO o.a.j.s.SampleEvent: List of sample_variables: []
2024-07-28 20:29:28,939 INFO o.a.j.e.u.CompoundVariable: Note: Function class names must contain the string: '.functions.'
2024-07-28 20:29:28,939 INFO o.a.j.e.u.CompoundVariable: Note: Function class names must not contain the string: '.gui.'
2024-07-28 20:29:28,992 INFO o.a.j.r.ClassFinder: Will scan jar C:\Users\amitd\OneDrive\Desktop\apache-jmeter-5.6.3\apache-jmeter-5.6.3\lib\ext\jmeter-parallel-0.12.jar with filter ExtendsClassFilter [parents=[interface org.apache.jmeter.functions.Function], inner=false, contains=null, notContains=null]. Consider exposing JMeter plugins via META-INF/services, and add JMeter-Skip-Class-Scanning=true manifest attribute so JMeter can skip classfile scanning
2024-07-28 20:29:29,003 INFO o.a.j.r.ClassFinder: Will scan jar C:\Users\amitd\OneDrive\Desktop\apache-jmeter-5.6.3\apache-jmeter-5.6.3\lib\ext\jmeter-plugins-mergeresults-2.1.jar with filter ExtendsClassFilter [parents=[interface org.apache.jmeter.functions.Function], inner=false, contains=null, notContains=null]. Consider exposing JMeter plugins via META-INF/services, and add JMeter-Skip-Class-Scanning=true manifest attribute so JMeter can skip classfile scanning
2024-07-28 20:29:29,006 INFO o.a.j.r.ClassFinder: Will scan jar C:\Users\amitd\OneDrive\Desktop\apache-jmeter-5.6.3\apache-jmeter-5.6.3\lib\ext\jmeter-plugins-functions-2.2.jar with filter ExtendsClassFilter [parents=[interface org.apache.jmeter.functions.Function], inner=false, contains=null, notContains=null]. Consider exposing JMeter plugins via META-INF/services, and add JMeter-Skip-Class-Scanning=true manifest attribute so JMeter can skip classfile scanning
2024-07-28 20:29:29,009 INFO o.a.j.r.ClassFinder: Will scan jar C:\Users\amitd\OneDrive\Desktop\apache-jmeter-5.6.3\apache-jmeter-5.6.3\lib\ext\jmeter-plugins-manager-1.10.jar with filter ExtendsClassFilter [parents=[interface org.apache.jmeter.functions.Function], inner=false, contains=null, notContains=null]. Consider exposing JMeter plugins via META-INF/services, and add JMeter-Skip-Class-Scanning=true manifest attribute so JMeter can skip classfile scanning
2024-07-28 20:29:29,099 INFO o.a.j.r.ClassFinder: Will scan jar C:\Users\amitd\OneDrive\Desktop\apache-jmeter-5.6.3\apache-jmeter-5.6.3\lib\ext\jmeter-plugins-dummy-0.4.jar with filter ExtendsClassFilter [parents=[interface org.apache.jmeter.functions.Function], inner=false, contains=null, notContains=null]. Consider exposing JMeter plugins via META-INF/services, and add JMeter-Skip-Class-Scanning=true manifest attribute so JMeter can skip classfile scanning
2024-07-28 20:29:29,099 INFO o.a.j.r.ClassFinder: Will scan jar C:\Users\amitd\OneDrive\Desktop\apache-jmeter-5.6.3\apache-jmeter-5.6.3\lib\ext\jmeter-plugins-manager-1.10 (1).jar with filter ExtendsClassFilter [parents=[interface org.apache.jmeter.functions.Function], inner=false, contains=null, notContains=null]. Consider exposing JMeter plugins via META-INF/services, and add JMeter-Skip-Class-Scanning=true manifest attribute so JMeter can skip classfile scanning
2024-07-28 20:29:29,112 INFO o.a.j.r.ClassFinder: Will scan jar C:\Users\amitd\OneDrive\Desktop\apache-jmeter-5.6.3\apache-jmeter-5.6.3\lib\ext\jmeter-plugins-perfmon-2.1.jar with filter ExtendsClassFilter [parents=[interface org.apache.jmeter.functions.Function], inner=false, contains=null, notContains=null]. Consider exposing JMeter plugins via META-INF/services, and add JMeter-Skip-Class-Scanning=true manifest attribute so JMeter can skip classfile scanning
2024-07-28 20:29:29,192 INFO o.a.j.JMeter: Running test (1722178769192)
2024-07-28 20:29:29,206 INFO o.a.j.e.StandardJMeterEngine: Starting ThreadGroup: 1 : Thread Group
2024-07-28 20:29:29,206 INFO o.a.j.e.StandardJMeterEngine: Starting 1 threads for group Thread Group.
2024-07-28 20:29:29,206 INFO o.a.j.e.StandardJMeterEngine: Thread will continue on error
2024-07-28 20:29:29,206 INFO o.a.j.t.ThreadGroup: Starting thread group... number=1 threads=1 ramp-up=1 delayedStart=false
2024-07-28 20:29:29,215 INFO o.a.j.t.ThreadGroup: Started thread group number 1
2024-07-28 20:29:29,215 INFO o.a.j.e.StandardJMeterEngine: All thread groups have been started
2024-07-28 20:29:29,215 INFO o.a.j.t.JMeterThread: Thread started: Thread Group 1-1
2024-07-28 20:29:29,215 INFO o.a.j.p.h.s.HTTPHCAbstractImpl: Local host = AmithDas
2024-07-28 20:29:29,233 INFO o.a.j.p.h.s.HTTPHC4Impl: HTTP request retry count = 0
2024-07-28 20:29:29,233 INFO o.a.j.s.SampleResult: Note: Sample TimeStamps are START times
2024-07-28 20:29:29,233 INFO o.a.j.s.SampleResult: sampleresult.default.encoding is set to UTF-8
2024-07-28 20:29:29,233 INFO o.a.j.s.SampleResult: sampleresult.useNanoTime=true
2024-07-28 20:29:29,233 INFO o.a.j.s.SampleResult: sampleresult.nanoThreadSleep=5000
2024-07-28 20:29:29,300 INFO o.a.j.p.h.s.h.LazyLayeredConnectionSocketFactory: Setting up HTTPS TrustAll Socket Factory
2024-07-28 20:29:29,312 INFO o.a.j.u.JsseSSLManager: Using default SSL protocol: TLS
2024-07-28 20:29:29,313 INFO o.a.j.u.JsseSSLManager: SSL session context: per-thread
2024-07-28 20:29:29,598 INFO o.a.j.u.SSLManager: JmeterKeyStore Location:  type JKS
2024-07-28 20:29:29,601 INFO o.a.j.u.SSLManager: KeyStore created OK
2024-07-28 20:29:29,601 WARN o.a.j.u.SSLManager: Keystore file not found, loading empty keystore
2024-07-28 20:29:30,259 INFO o.a.j.r.Summariser: summary +      1 in 00:00:01 =    0.9/s Avg:   972 Min:   972 Max:   972 Err:     0 (0.00%) Active: 1 Started: 1 Finished: 0
2024-07-28 20:29:35,373 INFO o.a.j.t.JMeterThread: Thread is done: Thread Group 1-1
2024-07-28 20:29:35,373 INFO o.a.j.t.JMeterThread: Thread finished: Thread Group 1-1
2024-07-28 20:29:35,380 INFO o.a.j.e.StandardJMeterEngine: Notifying test listeners of end of test
2024-07-28 20:29:35,383 INFO o.a.j.r.Summariser: summary +      9 in 00:00:05 =    1.8/s Avg:   343 Min:   215 Max:   563 Err:     0 (0.00%) Active: 0 Started: 1 Finished: 1
2024-07-28 20:29:35,383 INFO o.a.j.r.Summariser: summary =     10 in 00:00:06 =    1.6/s Avg:   406 Min:   215 Max:   972 Err:     0 (0.00%)
